This is pdfTeX, Version 3.14159265-2.6-1.40.21 (MiKTeX 2.9.7440 64-bit) (preloaded format=pdflatex 2020.6.4)  10 AUG 2020 17:58
entering extended mode
**D:/DNA-assembly/promoter_classification/write_up/main.tex
(D:/DNA-assembly/promoter_classification/write_up/main.tex
LaTeX2e <2020-02-02> patch level 5
L3 programming layer <2020-05-15>
("C:\Users\Shujun\AppData\Local\Programs\MiKTeX 2.9\tex/latex/base\article.cls"
Document Class: article 2019/12/20 v1.4l Standard LaTeX document class
("C:\Users\Shujun\AppData\Local\Programs\MiKTeX 2.9\tex/latex/base\size10.clo"
File: size10.clo 2019/12/20 v1.4l Standard LaTeX file (size option)
)
\c@part=\count167
\c@section=\count168
\c@subsection=\count169
\c@subsubsection=\count170
\c@paragraph=\count171
\c@subparagraph=\count172
\c@figure=\count173
\c@table=\count174
\abovecaptionskip=\skip47
\belowcaptionskip=\skip48
\bibindent=\dimen134
) (D:/DNA-assembly/promoter_classification/write_up\arxiv.sty
("C:\Users\Shujun\AppData\Local\Programs\MiKTeX 2.9\tex/latex/geometry\geometry
.sty"
Package: geometry 2020/01/02 v5.9 Page Geometry

("C:\Users\Shujun\AppData\Local\Programs\MiKTeX 2.9\tex/latex/graphics\keyval.s
ty"
Package: keyval 2014/10/28 v1.15 key=value parser (DPC)
\KV@toks@=\toks15
)
("C:\Users\Shujun\AppData\Local\Programs\MiKTeX 2.9\tex/generic/iftex\ifvtex.st
y"
Package: ifvtex 2019/10/25 v1.7 ifvtex legacy package. Use iftex instead.

("C:\Users\Shujun\AppData\Local\Programs\MiKTeX 2.9\tex/generic/iftex\iftex.sty
"
Package: iftex 2020/03/06 v1.0d TeX engine tests
))
\Gm@cnth=\count175
\Gm@cntv=\count176
\c@Gm@tempcnt=\count177
\Gm@bindingoffset=\dimen135
\Gm@wd@mp=\dimen136
\Gm@odd@mp=\dimen137
\Gm@even@mp=\dimen138
\Gm@layoutwidth=\dimen139
\Gm@layoutheight=\dimen140
\Gm@layouthoffset=\dimen141
\Gm@layoutvoffset=\dimen142
\Gm@dimlist=\toks16

("C:\Users\Shujun\AppData\Local\Programs\MiKTeX 2.9\tex/latex/geometry\geometry
.cfg"))
("C:\Users\Shujun\AppData\Local\Programs\MiKTeX 2.9\tex/latex/fancyhdr\fancyhdr
.sty"
Package: fancyhdr 2019/01/31 v3.10 Extensive control of page headers and footer
s
\f@nch@headwidth=\skip49
\f@nch@O@elh=\skip50
\f@nch@O@erh=\skip51
\f@nch@O@olh=\skip52
\f@nch@O@orh=\skip53
\f@nch@O@elf=\skip54
\f@nch@O@erf=\skip55
\f@nch@O@olf=\skip56
\f@nch@O@orf=\skip57
)
\@abovecaptionskip=\skip58
\@belowcaptionskip=\skip59
)
("C:\Users\Shujun\AppData\Local\Programs\MiKTeX 2.9\tex/latex/base\inputenc.sty
"
Package: inputenc 2018/08/11 v1.3c Input encoding file
\inpenc@prehook=\toks17
\inpenc@posthook=\toks18
)
("C:\Users\Shujun\AppData\Local\Programs\MiKTeX 2.9\tex/latex/base\fontenc.sty"
Package: fontenc 2020/02/11 v2.0o Standard LaTeX package
LaTeX Font Info:    Trying to load font information for T1+ptm on input line 11
2.
("C:\Users\Shujun\AppData\Local\Programs\MiKTeX 2.9\tex/latex/psnfss\t1ptm.fd"
File: t1ptm.fd 2001/06/04 font definitions for T1/ptm.
))
("C:\Users\Shujun\AppData\Local\Programs\MiKTeX 2.9\tex/latex/hyperref\hyperref
.sty"
Package: hyperref 2020-05-15 v7.00e Hypertext links for LaTeX

("C:\Users\Shujun\AppData\Local\Programs\MiKTeX 2.9\tex/generic/ltxcmds\ltxcmds
.sty"
Package: ltxcmds 2019/12/15 v1.24 LaTeX kernel commands for general use (HO)
)
("C:\Users\Shujun\AppData\Local\Programs\MiKTeX 2.9\tex/latex/pdftexcmds\pdftex
cmds.sty"
Package: pdftexcmds 2019/11/24 v0.31 Utility functions of pdfTeX for LuaTeX (HO
)

("C:\Users\Shujun\AppData\Local\Programs\MiKTeX 2.9\tex/generic/infwarerr\infwa
rerr.sty"
Package: infwarerr 2019/12/03 v1.5 Providing info/warning/error messages (HO)
)
Package pdftexcmds Info: \pdf@primitive is available.
Package pdftexcmds Info: \pdf@ifprimitive is available.
Package pdftexcmds Info: \pdfdraftmode found.
)
("C:\Users\Shujun\AppData\Local\Programs\MiKTeX 2.9\tex/generic/kvsetkeys\kvset
keys.sty"
Package: kvsetkeys 2019/12/15 v1.18 Key value parser (HO)
)
("C:\Users\Shujun\AppData\Local\Programs\MiKTeX 2.9\tex/generic/kvdefinekeys\kv
definekeys.sty"
Package: kvdefinekeys 2019-12-19 v1.6 Define keys (HO)
)
("C:\Users\Shujun\AppData\Local\Programs\MiKTeX 2.9\tex/generic/pdfescape\pdfes
cape.sty"
Package: pdfescape 2019/12/09 v1.15 Implements pdfTeX's escape features (HO)
)
("C:\Users\Shujun\AppData\Local\Programs\MiKTeX 2.9\tex/latex/hycolor\hycolor.s
ty"
Package: hycolor 2020-01-27 v1.10 Color options for hyperref/bookmark (HO)
)
("C:\Users\Shujun\AppData\Local\Programs\MiKTeX 2.9\tex/latex/letltxmacro\letlt
xmacro.sty"
Package: letltxmacro 2019/12/03 v1.6 Let assignment for LaTeX macros (HO)
)
("C:\Users\Shujun\AppData\Local\Programs\MiKTeX 2.9\tex/latex/auxhook\auxhook.s
ty"
Package: auxhook 2019-12-17 v1.6 Hooks for auxiliary files (HO)
)
("C:\Users\Shujun\AppData\Local\Programs\MiKTeX 2.9\tex/latex/kvoptions\kvoptio
ns.sty"
Package: kvoptions 2019/11/29 v3.13 Key value format for package options (HO)
)
\@linkdim=\dimen143
\Hy@linkcounter=\count178
\Hy@pagecounter=\count179

("C:\Users\Shujun\AppData\Local\Programs\MiKTeX 2.9\tex/latex/hyperref\pd1enc.d
ef"
File: pd1enc.def 2020-05-15 v7.00e Hyperref: PDFDocEncoding definition (HO)
Now handling font encoding PD1 ...
... no UTF-8 mapping file for font encoding PD1
)
("C:\Users\Shujun\AppData\Local\Programs\MiKTeX 2.9\tex/generic/intcalc\intcalc
.sty"
Package: intcalc 2019/12/15 v1.3 Expandable calculations with integers (HO)
)
("C:\Users\Shujun\AppData\Local\Programs\MiKTeX 2.9\tex/generic/etexcmds\etexcm
ds.sty"
Package: etexcmds 2019/12/15 v1.7 Avoid name clashes with e-TeX commands (HO)
)
\Hy@SavedSpaceFactor=\count180
Package hyperref Info: Hyper figures OFF on input line 4464.
Package hyperref Info: Link nesting OFF on input line 4469.
Package hyperref Info: Hyper index ON on input line 4472.
Package hyperref Info: Plain pages OFF on input line 4479.
Package hyperref Info: Backreferencing OFF on input line 4484.
Package hyperref Info: Implicit mode ON; LaTeX internals redefined.
Package hyperref Info: Bookmarks ON on input line 4717.
\c@Hy@tempcnt=\count181

("C:\Users\Shujun\AppData\Local\Programs\MiKTeX 2.9\tex/latex/url\url.sty"
\Urlmuskip=\muskip16
Package: url 2013/09/16  ver 3.4  Verb mode for urls, etc.
)
LaTeX Info: Redefining \url on input line 5076.
\XeTeXLinkMargin=\dimen144

("C:\Users\Shujun\AppData\Local\Programs\MiKTeX 2.9\tex/generic/bitset\bitset.s
ty"
Package: bitset 2019/12/09 v1.3 Handle bit-vector datatype (HO)

("C:\Users\Shujun\AppData\Local\Programs\MiKTeX 2.9\tex/generic/bigintcalc\bigi
ntcalc.sty"
Package: bigintcalc 2019/12/15 v1.5 Expandable calculations on big integers (HO
)
))
\Fld@menulength=\count182
\Field@Width=\dimen145
\Fld@charsize=\dimen146
Package hyperref Info: Hyper figures OFF on input line 6347.
Package hyperref Info: Link nesting OFF on input line 6352.
Package hyperref Info: Hyper index ON on input line 6355.
Package hyperref Info: backreferencing OFF on input line 6362.
Package hyperref Info: Link coloring OFF on input line 6367.
Package hyperref Info: Link coloring with OCG OFF on input line 6372.
Package hyperref Info: PDF/A mode OFF on input line 6377.
LaTeX Info: Redefining \ref on input line 6417.
LaTeX Info: Redefining \pageref on input line 6421.

("C:\Users\Shujun\AppData\Local\Programs\MiKTeX 2.9\tex/generic/atbegshi\atbegs
hi.sty"
Package: atbegshi 2019/12/05 v1.19 At begin shipout hook (HO)
)
\Hy@abspage=\count183
\c@Item=\count184
\c@Hfootnote=\count185
)
Package hyperref Info: Driver (autodetected): hpdftex.

("C:\Users\Shujun\AppData\Local\Programs\MiKTeX 2.9\tex/latex/hyperref\hpdftex.
def"
File: hpdftex.def 2020-05-15 v7.00e Hyperref driver for pdfTeX

("C:\Users\Shujun\AppData\Local\Programs\MiKTeX 2.9\tex/latex/atveryend\atverye
nd.sty"
Package: atveryend 2019-12-11 v1.11 Hooks at the very end of document (HO)
Package atveryend Info: \enddocument detected (standard20110627).
)
\Fld@listcount=\count186
\c@bookmark@seq@number=\count187

("C:\Users\Shujun\AppData\Local\Programs\MiKTeX 2.9\tex/latex/rerunfilecheck\re
runfilecheck.sty"
Package: rerunfilecheck 2019/12/05 v1.9 Rerun checks for auxiliary files (HO)

("C:\Users\Shujun\AppData\Local\Programs\MiKTeX 2.9\tex/generic/uniquecounter\u
niquecounter.sty"
Package: uniquecounter 2019/12/15 v1.4 Provide unlimited unique counter (HO)
)
Package uniquecounter Info: New unique counter `rerunfilecheck' on input line 2
86.
)
\Hy@SectionHShift=\skip60
)
("C:\Users\Shujun\AppData\Local\Programs\MiKTeX 2.9\tex/latex/booktabs\booktabs
.sty"
Package: booktabs 2020/01/12 v1.61803398 Publication quality tables
\heavyrulewidth=\dimen147
\lightrulewidth=\dimen148
\cmidrulewidth=\dimen149
\belowrulesep=\dimen150
\belowbottomsep=\dimen151
\aboverulesep=\dimen152
\abovetopsep=\dimen153
\cmidrulesep=\dimen154
\cmidrulekern=\dimen155
\defaultaddspace=\dimen156
\@cmidla=\count188
\@cmidlb=\count189
\@aboverulesep=\dimen157
\@belowrulesep=\dimen158
\@thisruleclass=\count190
\@lastruleclass=\count191
\@thisrulewidth=\dimen159
)
("C:\Users\Shujun\AppData\Local\Programs\MiKTeX 2.9\tex/latex/amsfonts\amsfonts
.sty"
Package: amsfonts 2013/01/14 v3.01 Basic AMSFonts support
\@emptytoks=\toks19
\symAMSa=\mathgroup4
\symAMSb=\mathgroup5
LaTeX Font Info:    Redeclaring math symbol \hbar on input line 98.
LaTeX Font Info:    Overwriting math alphabet `\mathfrak' in version `bold'
(Font)                  U/euf/m/n --> U/euf/b/n on input line 106.
)
("C:\Users\Shujun\AppData\Local\Programs\MiKTeX 2.9\tex/latex/units\nicefrac.st
y"
Package: nicefrac 1998/08/04 v0.9b Nice fractions
\L@UnitsRaiseDisplaystyle=\skip61
\L@UnitsRaiseTextstyle=\skip62
\L@UnitsRaiseScriptstyle=\skip63
 ("C:\Users\Shujun\AppData\Local\Programs\MiKTeX 2.9\tex/latex/base\ifthen.sty"
Package: ifthen 2014/09/29 v1.1c Standard LaTeX ifthen package (DPC)
))
("C:\Users\Shujun\AppData\Local\Programs\MiKTeX 2.9\tex/latex/microtype\microty
pe.sty"
Package: microtype 2019/11/18 v2.7d Micro-typographical refinements (RS)
\MT@toks=\toks20
\MT@count=\count192
LaTeX Info: Redefining \textls on input line 790.
\MT@outer@kern=\dimen160
LaTeX Info: Redefining \textmicrotypecontext on input line 1354.
\MT@listname@count=\count193

("C:\Users\Shujun\AppData\Local\Programs\MiKTeX 2.9\tex/latex/microtype\microty
pe-pdftex.def"
File: microtype-pdftex.def 2019/11/18 v2.7d Definitions specific to pdftex (RS)

LaTeX Info: Redefining \lsstyle on input line 914.
LaTeX Info: Redefining \lslig on input line 914.
\MT@outer@space=\skip64
)
Package microtype Info: Loading configuration file microtype.cfg.

("C:\Users\Shujun\AppData\Local\Programs\MiKTeX 2.9\tex/latex/microtype\microty
pe.cfg"
File: microtype.cfg 2019/11/18 v2.7d microtype main configuration file (RS)
))
("C:\Users\Shujun\AppData\Local\Programs\MiKTeX 2.9\tex/latex/lipsum\lipsum.sty
"
("C:\Users\Shujun\AppData\Local\Programs\MiKTeX 2.9\tex/latex/l3kernel\expl3.st
y"
Package: expl3 2020-05-15 L3 programming layer (loader) 

("C:\Users\Shujun\AppData\Local\Programs\MiKTeX 2.9\tex/latex/l3backend\l3backe
nd-pdfmode.def"
File: l3backend-pdfmode.def 2020-05-05 L3 backend support: PDF mode
\l__kernel_color_stack_int=\count194
\l__pdf_internal_box=\box45
))
("C:\Users\Shujun\AppData\Local\Programs\MiKTeX 2.9\tex/latex/l3packages/xparse
\xparse.sty"
Package: xparse 2020-05-15 L3 Experimental document command parser

("C:\Users\Shujun\AppData\Local\Programs\MiKTeX 2.9\tex/latex/l3packages/xparse
\xparse-generic.tex"
\l__xparse_current_arg_int=\count195
\g__xparse_grabber_int=\count196
\l__xparse_m_args_int=\count197
\l__xparse_v_nesting_int=\count198
))
Package: lipsum 2019/01/02 v2.2 150 paragraphs of Lorem Ipsum dummy text

("C:\Users\Shujun\AppData\Local\Programs\MiKTeX 2.9\tex/latex/lipsum\lipsum.ltd
.tex"
File: lipsum.ltd.tex 2019/01/02 v2.2 The Lorem ipsum dummy text
))
("C:\Users\Shujun\AppData\Local\Programs\MiKTeX 2.9\tex/latex/graphics\graphicx
.sty"
Package: graphicx 2019/11/30 v1.2a Enhanced LaTeX Graphics (DPC,SPQR)

("C:\Users\Shujun\AppData\Local\Programs\MiKTeX 2.9\tex/latex/graphics\graphics
.sty"
Package: graphics 2019/11/30 v1.4a Standard LaTeX Graphics (DPC,SPQR)

("C:\Users\Shujun\AppData\Local\Programs\MiKTeX 2.9\tex/latex/graphics\trig.sty
"
Package: trig 2016/01/03 v1.10 sin cos tan (DPC)
)
("C:\Users\Shujun\AppData\Local\Programs\MiKTeX 2.9\tex/latex/graphics-cfg\grap
hics.cfg"
File: graphics.cfg 2016/06/04 v1.11 sample graphics configuration
)
Package graphics Info: Driver file: pdftex.def on input line 105.

("C:\Users\Shujun\AppData\Local\Programs\MiKTeX 2.9\tex/latex/graphics-def\pdft
ex.def"
File: pdftex.def 2018/01/08 v1.0l Graphics/color driver for pdftex
))
\Gin@req@height=\dimen161
\Gin@req@width=\dimen162
)
("C:\Users\Shujun\AppData\Local\Programs\MiKTeX 2.9\tex/latex/epstopdf-pkg\epst
opdf.sty"
Package: epstopdf 2020-01-24 v2.11 Conversion with epstopdf on the fly (HO)

("C:\Users\Shujun\AppData\Local\Programs\MiKTeX 2.9\tex/latex/grfext\grfext.sty
"
Package: grfext 2019/12/03 v1.3 Manage graphics extensions (HO)
)
("C:\Users\Shujun\AppData\Local\Programs\MiKTeX 2.9\tex/latex/epstopdf-pkg\epst
opdf-base.sty"
Package: epstopdf-base 2020-01-24 v2.11 Base part for package epstopdf
Package epstopdf-base Info: Redefining graphics rule for `.eps' on input line 4
85.
Package grfext Info: Graphics extension search list:
(grfext)             [.pdf,.png,.jpg,.mps,.jpeg,.jbig2,.jb2,.PDF,.PNG,.JPG,.JPE
G,.JBIG2,.JB2,.eps]
(grfext)             \AppendGraphicsExtensions on input line 504.
))
("C:\Users\Shujun\AppData\Local\Programs\MiKTeX 2.9\tex/latex/amsmath\amsmath.s
ty"
Package: amsmath 2020/01/20 v2.17e AMS math features
\@mathmargin=\skip65

For additional information on amsmath, use the `?' option.

("C:\Users\Shujun\AppData\Local\Programs\MiKTeX 2.9\tex/latex/amsmath\amstext.s
ty"
Package: amstext 2000/06/29 v2.01 AMS text

("C:\Users\Shujun\AppData\Local\Programs\MiKTeX 2.9\tex/latex/amsmath\amsgen.st
y"
File: amsgen.sty 1999/11/30 v2.0 generic functions
\@emptytoks=\toks21
\ex@=\dimen163
))
("C:\Users\Shujun\AppData\Local\Programs\MiKTeX 2.9\tex/latex/amsmath\amsbsy.st
y"
Package: amsbsy 1999/11/29 v1.2d Bold Symbols
\pmbraise@=\dimen164
)
("C:\Users\Shujun\AppData\Local\Programs\MiKTeX 2.9\tex/latex/amsmath\amsopn.st
y"
Package: amsopn 2016/03/08 v2.02 operator names
)
\inf@bad=\count199
LaTeX Info: Redefining \frac on input line 227.
\uproot@=\count266
\leftroot@=\count267
LaTeX Info: Redefining \overline on input line 389.
\classnum@=\count268
\DOTSCASE@=\count269
LaTeX Info: Redefining \ldots on input line 486.
LaTeX Info: Redefining \dots on input line 489.
LaTeX Info: Redefining \cdots on input line 610.
\Mathstrutbox@=\box46
\strutbox@=\box47
\big@size=\dimen165
LaTeX Font Info:    Redeclaring font encoding OML on input line 733.
LaTeX Font Info:    Redeclaring font encoding OMS on input line 734.
\macc@depth=\count270
\c@MaxMatrixCols=\count271
\dotsspace@=\muskip17
\c@parentequation=\count272
\dspbrk@lvl=\count273
\tag@help=\toks22
\row@=\count274
\column@=\count275
\maxfields@=\count276
\andhelp@=\toks23
\eqnshift@=\dimen166
\alignsep@=\dimen167
\tagshift@=\dimen168
\tagwidth@=\dimen169
\totwidth@=\dimen170
\lineht@=\dimen171
\@envbody=\toks24
\multlinegap=\skip66
\multlinetaggap=\skip67
\mathdisplay@stack=\toks25
LaTeX Info: Redefining \[ on input line 2859.
LaTeX Info: Redefining \] on input line 2860.
)
("C:\Users\Shujun\AppData\Local\Programs\MiKTeX 2.9\tex/latex/float\float.sty"
Package: float 2001/11/08 v1.3d Float enhancements (AL)
\c@float@type=\count277
\float@exts=\toks26
\float@box=\box48
\@float@everytoks=\toks27
\@floatcapt=\box49
) ("C:\Users\Shujun\AppData\Local\Programs\MiKTeX 2.9\tex/latex/svg\svg.sty"
Package: svg 2020/06/23 v2.02h (include SVG pictures)

("C:\Users\Shujun\AppData\Local\Programs\MiKTeX 2.9\tex/latex/koma-script\scrba
se.sty"
Package: scrbase 2020/04/19 v3.30 KOMA-Script package (KOMA-Script-independent 
basics and keyval usage)

("C:\Users\Shujun\AppData\Local\Programs\MiKTeX 2.9\tex/latex/koma-script\scrlf
ile.sty"
Package: scrlfile 2020/04/19 v3.30 KOMA-Script package (loading files)
))
("C:\Users\Shujun\AppData\Local\Programs\MiKTeX 2.9\tex/latex/trimspaces\trimsp
aces.sty"
Package: trimspaces 2009/09/17 v1.1 Trim spaces around a token list
)
("C:\Users\Shujun\AppData\Local\Programs\MiKTeX 2.9\tex/latex/tools\shellesc.st
y"
Package: shellesc 2019/11/08 v1.0c unified shell escape interface for LaTeX
Package shellesc Info: Restricted shell escape enabled on input line 77.
)
\c@svg@param@lastpage=\count278
\svg@box=\box50
\c@svg@param@currpage=\count279
)
("C:\Users\Shujun\AppData\Local\Programs\MiKTeX 2.9\tex/latex/xcolor\xcolor.sty
"
Package: xcolor 2016/05/11 v2.12 LaTeX color extensions (UK)

("C:\Users\Shujun\AppData\Local\Programs\MiKTeX 2.9\tex/latex/graphics-cfg\colo
r.cfg"
File: color.cfg 2016/01/02 v1.6 sample color configuration
)
Package xcolor Info: Driver file: pdftex.def on input line 225.
Package xcolor Info: Model `cmy' substituted by `cmy0' on input line 1348.
Package xcolor Info: Model `hsb' substituted by `rgb' on input line 1352.
Package xcolor Info: Model `RGB' extended on input line 1364.
Package xcolor Info: Model `HTML' substituted by `rgb' on input line 1366.
Package xcolor Info: Model `Hsb' substituted by `hsb' on input line 1367.
Package xcolor Info: Model `tHsb' substituted by `hsb' on input line 1368.
Package xcolor Info: Model `HSB' substituted by `hsb' on input line 1369.
Package xcolor Info: Model `Gray' substituted by `gray' on input line 1370.
Package xcolor Info: Model `wave' substituted by `hsb' on input line 1371.
)
("C:\Users\Shujun\AppData\Local\Programs\MiKTeX 2.9\tex/latex/transparent\trans
parent.sty"
Package: transparent 2019/11/29 v1.4 Transparency via pdfTeX's color stack (HO)

)
("C:\Users\Shujun\AppData\Local\Programs\MiKTeX 2.9\tex/latex/pgf/systemlayer\p
gfsys.sty"
("C:\Users\Shujun\AppData\Local\Programs\MiKTeX 2.9\tex/latex/pgf/utilities\pgf
rcs.sty"
("C:\Users\Shujun\AppData\Local\Programs\MiKTeX 2.9\tex/generic/pgf/utilities\p
gfutil-common.tex"
\pgfutil@everybye=\toks28
\pgfutil@tempdima=\dimen172
\pgfutil@tempdimb=\dimen173

("C:\Users\Shujun\AppData\Local\Programs\MiKTeX 2.9\tex/generic/pgf/utilities\p
gfutil-common-lists.tex"))
("C:\Users\Shujun\AppData\Local\Programs\MiKTeX 2.9\tex/generic/pgf/utilities\p
gfutil-latex.def"
\pgfutil@abb=\box51

("C:\Users\Shujun\AppData\Local\Programs\MiKTeX 2.9\tex/latex/ms\everyshi.sty"
Package: everyshi 2001/05/15 v3.00 EveryShipout Package (MS)
))
("C:\Users\Shujun\AppData\Local\Programs\MiKTeX 2.9\tex/generic/pgf/utilities\p
gfrcs.code.tex"
("C:\Users\Shujun\AppData\Local\Programs\MiKTeX 2.9\tex/generic/pgf\pgf.revisio
n.tex")
Package: pgfrcs 2020/01/08 v3.1.5b (3.1.5b)
))
("C:\Users\Shujun\AppData\Local\Programs\MiKTeX 2.9\tex/generic/pgf/systemlayer
\pgfsys.code.tex"
Package: pgfsys 2020/01/08 v3.1.5b (3.1.5b)

("C:\Users\Shujun\AppData\Local\Programs\MiKTeX 2.9\tex/generic/pgf/utilities\p
gfkeys.code.tex"
\pgfkeys@pathtoks=\toks29
\pgfkeys@temptoks=\toks30

("C:\Users\Shujun\AppData\Local\Programs\MiKTeX 2.9\tex/generic/pgf/utilities\p
gfkeysfiltered.code.tex"
\pgfkeys@tmptoks=\toks31
))
\pgf@x=\dimen174
\pgf@y=\dimen175
\pgf@xa=\dimen176
\pgf@ya=\dimen177
\pgf@xb=\dimen178
\pgf@yb=\dimen179
\pgf@xc=\dimen180
\pgf@yc=\dimen181
\pgf@xd=\dimen182
\pgf@yd=\dimen183
\w@pgf@writea=\write3
\r@pgf@reada=\read2
\c@pgf@counta=\count280
\c@pgf@countb=\count281
\c@pgf@countc=\count282
\c@pgf@countd=\count283
\t@pgf@toka=\toks32
\t@pgf@tokb=\toks33
\t@pgf@tokc=\toks34
\pgf@sys@id@count=\count284

("C:\Users\Shujun\AppData\Local\Programs\MiKTeX 2.9\tex/generic/pgf/systemlayer
\pgf.cfg"
File: pgf.cfg 2020/01/08 v3.1.5b (3.1.5b)
)
Driver file for pgf: pgfsys-pdftex.def

("C:\Users\Shujun\AppData\Local\Programs\MiKTeX 2.9\tex/generic/pgf/systemlayer
\pgfsys-pdftex.def"
File: pgfsys-pdftex.def 2020/01/08 v3.1.5b (3.1.5b)

("C:\Users\Shujun\AppData\Local\Programs\MiKTeX 2.9\tex/generic/pgf/systemlayer
\pgfsys-common-pdf.def"
File: pgfsys-common-pdf.def 2020/01/08 v3.1.5b (3.1.5b)
)))
("C:\Users\Shujun\AppData\Local\Programs\MiKTeX 2.9\tex/generic/pgf/systemlayer
\pgfsyssoftpath.code.tex"
File: pgfsyssoftpath.code.tex 2020/01/08 v3.1.5b (3.1.5b)
\pgfsyssoftpath@smallbuffer@items=\count285
\pgfsyssoftpath@bigbuffer@items=\count286
)
("C:\Users\Shujun\AppData\Local\Programs\MiKTeX 2.9\tex/generic/pgf/systemlayer
\pgfsysprotocol.code.tex"
File: pgfsysprotocol.code.tex 2020/01/08 v3.1.5b (3.1.5b)
))
("C:\Users\Shujun\AppData\Local\Programs\MiKTeX 2.9\tex/latex/capt-of\capt-of.s
ty"
Package: capt-of 2009/12/29 v0.2 standard captions outside of floats
) (D:/DNA-assembly/promoter_classification/write_up\main.aux)
\openout1 = `main.aux'.

LaTeX Font Info:    Checking defaults for OML/cmm/m/it on input line 78.
LaTeX Font Info:    ... okay on input line 78.
LaTeX Font Info:    Checking defaults for OMS/cmsy/m/n on input line 78.
LaTeX Font Info:    ... okay on input line 78.
LaTeX Font Info:    Checking defaults for OT1/cmr/m/n on input line 78.
LaTeX Font Info:    ... okay on input line 78.
LaTeX Font Info:    Checking defaults for T1/cmr/m/n on input line 78.
LaTeX Font Info:    ... okay on input line 78.
LaTeX Font Info:    Checking defaults for TS1/cmr/m/n on input line 78.
LaTeX Font Info:    ... okay on input line 78.
LaTeX Font Info:    Checking defaults for OMX/cmex/m/n on input line 78.
LaTeX Font Info:    ... okay on input line 78.
LaTeX Font Info:    Checking defaults for U/cmr/m/n on input line 78.
LaTeX Font Info:    ... okay on input line 78.
LaTeX Font Info:    Checking defaults for PD1/pdf/m/n on input line 78.
LaTeX Font Info:    ... okay on input line 78.

*geometry* driver: auto-detecting
*geometry* detected driver: pdftex
*geometry* verbose mode - [ preamble ] result:
* driver: pdftex
* paper: letterpaper
* layout: <same size as paper>
* layoutoffset:(h,v)=(0.0pt,0.0pt)
* modes: 
* h-part:(L,W,R)=(92.14519pt, 430.00462pt, 92.14519pt)
* v-part:(T,H,B)=(95.39737pt, 556.47656pt, 143.09605pt)
* \paperwidth=614.295pt
* \paperheight=794.96999pt
* \textwidth=430.00462pt
* \textheight=556.47656pt
* \oddsidemargin=19.8752pt
* \evensidemargin=19.8752pt
* \topmargin=-13.87262pt
* \headheight=12.0pt
* \headsep=25.0pt
* \topskip=10.0pt
* \footskip=30.0pt
* \marginparwidth=65.0pt
* \marginparsep=11.0pt
* \columnsep=10.0pt
* \skip\footins=9.0pt plus 4.0pt minus 2.0pt
* \hoffset=0.0pt
* \voffset=0.0pt
* \mag=1000
* \@twocolumnfalse
* \@twosidefalse
* \@mparswitchfalse
* \@reversemarginfalse
* (1in=72.27pt=25.4mm, 1cm=28.453pt)

*geometry* verbose mode - [ newgeometry ] result:
* driver: pdftex
* paper: letterpaper
* layout: <same size as paper>
* layoutoffset:(h,v)=(0.0pt,0.0pt)
* modes: 
* h-part:(L,W,R)=(72.27pt, 469.75499pt, 72.27pt)
* v-part:(T,H,B)=(72.26999pt, 650.43pt, 72.27pt)
* \paperwidth=614.295pt
* \paperheight=794.96999pt
* \textwidth=469.75499pt
* \textheight=650.43pt
* \oddsidemargin=0.00002pt
* \evensidemargin=0.00002pt
* \topmargin=-39.0pt
* \headheight=14.0pt
* \headsep=25.0pt
* \topskip=10.0pt
* \footskip=30.0pt
* \marginparwidth=65.0pt
* \marginparsep=11.0pt
* \columnsep=10.0pt
* \skip\footins=9.0pt plus 4.0pt minus 2.0pt
* \hoffset=0.0pt
* \voffset=0.0pt
* \mag=1000
* \@twocolumnfalse
* \@twosidefalse
* \@mparswitchfalse
* \@reversemarginfalse
* (1in=72.27pt=25.4mm, 1cm=28.453pt)

\AtBeginShipoutBox=\box52
Package hyperref Info: Link coloring OFF on input line 78.

("C:\Users\Shujun\AppData\Local\Programs\MiKTeX 2.9\tex/latex/hyperref\nameref.
sty"
Package: nameref 2019/09/16 v2.46 Cross-referencing by name of section

("C:\Users\Shujun\AppData\Local\Programs\MiKTeX 2.9\tex/latex/refcount\refcount
.sty"
Package: refcount 2019/12/15 v3.6 Data extraction from label references (HO)
)
("C:\Users\Shujun\AppData\Local\Programs\MiKTeX 2.9\tex/generic/gettitlestring\
gettitlestring.sty"
Package: gettitlestring 2019/12/15 v1.6 Cleanup title references (HO)
)
\c@section@level=\count287
)
LaTeX Info: Redefining \ref on input line 78.
LaTeX Info: Redefining \pageref on input line 78.
LaTeX Info: Redefining \nameref on input line 78.

(D:/DNA-assembly/promoter_classification/write_up\main.out)
(D:/DNA-assembly/promoter_classification/write_up\main.out)
\@outlinefile=\write4
\openout4 = `main.out'.

LaTeX Info: Redefining \microtypecontext on input line 78.
Package microtype Info: Generating PDF output.
Package microtype Info: Character protrusion enabled (level 2).
Package microtype Info: Using default protrusion set `alltext'.
Package microtype Info: Automatic font expansion enabled (level 2),
(microtype)             stretch: 20, shrink: 20, step: 1, non-selected.
Package microtype Info: Using default expansion set `basictext'.
LaTeX Info: Redefining \showhyphens on input line 78.
Package microtype Info: No adjustment of tracking.
Package microtype Info: No adjustment of interword spacing.
Package microtype Info: No adjustment of character kerning.

("C:\Users\Shujun\AppData\Local\Programs\MiKTeX 2.9\tex/latex/microtype\mt-ptm.
cfg"
File: mt-ptm.cfg 2006/04/20 v1.7 microtype config. file: Times (RS)
)
("C:\Users\Shujun\AppData\Local\Programs\MiKTeX 2.9\tex/context/base/mkii\supp-
pdf.mkii"
[Loading MPS to PDF converter (version 2006.09.02).]
\scratchcounter=\count288
\scratchdimen=\dimen184
\scratchbox=\box53
\nofMPsegments=\count289
\nofMParguments=\count290
\everyMPshowfont=\toks35
\MPscratchCnt=\count291
\MPscratchDim=\dimen185
\MPnumerator=\count292
\makeMPintoPDFobject=\count293
\everyMPtoPDFconversion=\toks36
) ABD: EveryShipout initializing macros

LaTeX Font Warning: Font shape `T1/ptm/b/scit' undefined
(Font)              using `T1/ptm/b/it' instead on input line 80.


("C:\Users\Shujun\AppData\Local\Programs\MiKTeX 2.9\tex/latex/microtype\mt-cmr.
cfg"
File: mt-cmr.cfg 2013/05/19 v2.2 microtype config. file: Computer Modern Roman 
(RS)
)
LaTeX Font Info:    Trying to load font information for U+msa on input line 80.


("C:\Users\Shujun\AppData\Local\Programs\MiKTeX 2.9\tex/latex/amsfonts\umsa.fd"
File: umsa.fd 2013/01/14 v3.01 AMS symbols A
)
("C:\Users\Shujun\AppData\Local\Programs\MiKTeX 2.9\tex/latex/microtype\mt-msa.
cfg"
File: mt-msa.cfg 2006/02/04 v1.1 microtype config. file: AMS symbols (a) (RS)
)
LaTeX Font Info:    Trying to load font information for U+msb on input line 80.


("C:\Users\Shujun\AppData\Local\Programs\MiKTeX 2.9\tex/latex/amsfonts\umsb.fd"
File: umsb.fd 2013/01/14 v3.01 AMS symbols B
)
("C:\Users\Shujun\AppData\Local\Programs\MiKTeX 2.9\tex/latex/microtype\mt-msb.
cfg"
File: mt-msb.cfg 2005/06/01 v1.0 microtype config. file: AMS symbols (b) (RS)
)
LaTeX Font Info:    Trying to load font information for T1+cmtt on input line 8
0.

("C:\Users\Shujun\AppData\Local\Programs\MiKTeX 2.9\tex/latex/base\t1cmtt.fd"
File: t1cmtt.fd 2019/12/16 v2.5j Standard LaTeX font definitions
)
Package microtype Info: Loading generic protrusion settings for font family
(microtype)             `cmtt' (encoding: T1).
(microtype)             For optimal results, create family-specific settings.
(microtype)             See the microtype manual for details.


LaTeX Warning: Reference `fig:network_architecture' on page 1 undefined on inpu
t line 93.

Package epstopdf Info: Source file: <./graphics/network_architecture.eps>
(epstopdf)                    date: 2020-07-09 18:49:13
(epstopdf)                    size: 9531 bytes
(epstopdf)             Output file: <./network_architecture-eps-converted-to.pd
f>
(epstopdf)             Command: <epstopdf --outfile=./network_architecture-eps-
converted-to.pdf ./graphics/network_architecture.eps>
(epstopdf)             \includegraphics on input line 97.
runsystem(epstopdf --outfile=./network_architecture-eps-converted-to.pdf ./grap
hics/network_architecture.eps)...executed (allowed).

Package epstopdf Info: Result file: <./network_architecture-eps-converted-to.pd
f>
(epstopdf)                    date: 2020-08-10 17:58:41
(epstopdf)                    size: 8207 bytes.
<./network_architecture-eps-converted-to.pdf, id=34, 2317.65875pt x 2409.0pt>
File: ./network_architecture-eps-converted-to.pdf Graphic file (type pdf)
<use ./network_architecture-eps-converted-to.pdf>
Package pdftex.def Info: ./network_architecture-eps-converted-to.pdf  used on i
nput line 97.
(pdftex.def)             Requested size: 422.77661pt x 439.40912pt.

Underfull \vbox (badness 10000) has occurred while \output is active []

 [1


{C:/Users/Shujun/AppData/Local/MiKTeX/2.9/pdftex/config/pdftex.map}]

LaTeX Warning: Citation `ipsw' on page 2 undefined on input line 104.


LaTeX Warning: Citation `cdhit' on page 2 undefined on input line 104.


LaTeX Warning: Citation `iter_strat' on page 2 undefined on input line 107.


Underfull \vbox (badness 10000) has occurred while \output is active []

 [2pdfTeX warning (ext4): destination with the same identifier (name{figure.1})
 has been already used, duplicate ignored

\AtBegShi@Output ...ipout \box \AtBeginShipoutBox 
                                                  \fi \fi 
l.113 
       <./network_architecture-eps-converted-to.pdf>]

LaTeX Warning: Citation `transformer_paper' on page 3 undefined on input line 1
27.


LaTeX Warning: Citation `transformer_paper' on page 3 undefined on input line 1
40.

[3]

LaTeX Warning: Reference `fig:global' on page 4 undefined on input line 148.

Package epstopdf Info: Source file: <./graphics/k_mer_aggregation.eps>
(epstopdf)                    date: 2020-07-20 14:28:54
(epstopdf)                    size: 206074 bytes
(epstopdf)             Output file: <./k_mer_aggregation-eps-converted-to.pdf>
(epstopdf)             Command: <epstopdf --outfile=./k_mer_aggregation-eps-con
verted-to.pdf ./graphics/k_mer_aggregation.eps>
(epstopdf)             \includegraphics on input line 153.
runsystem(epstopdf --outfile=./k_mer_aggregation-eps-converted-to.pdf ./graphic
s/k_mer_aggregation.eps)...executed (allowed).

Package epstopdf Info: Result file: <./k_mer_aggregation-eps-converted-to.pdf>
(epstopdf)                    date: 2020-08-10 17:58:42
(epstopdf)                    size: 71166 bytes.
<./k_mer_aggregation-eps-converted-to.pdf, id=70, 1362.08875pt x 723.70375pt>
File: ./k_mer_aggregation-eps-converted-to.pdf Graphic file (type pdf)
<use ./k_mer_aggregation-eps-converted-to.pdf>
Package pdftex.def Info: ./k_mer_aggregation-eps-converted-to.pdf  used on inpu
t line 153.
(pdftex.def)             Requested size: 469.75499pt x 249.58972pt.
[4pdfTeX warning (ext4): destination with the same identifier (name{figure.2}) 
has been already used, duplicate ignored

\AtBegShi@Output ...ipout \box \AtBeginShipoutBox 
                                                  \fi \fi 
l.164 B
       y visualizing the attention weight matrix as a square image with $N\t...
 <./k_mer_aggregation-eps-converted-to.pdf>]

LaTeX Warning: Citation `bert_paper' on page 5 undefined on input line 175.


LaTeX Warning: Citation `bert_paper' on page 5 undefined on input line 175.


LaTeX Warning: Citation `RolnickVBS17' on page 5 undefined on input line 175.


LaTeX Warning: Citation `trainingtipstransformers' on page 5 undefined on input
 line 184.


LaTeX Warning: Citation `adampaper' on page 5 undefined on input line 186.


LaTeX Warning: Citation `dropoutpaper' on page 5 undefined on input line 192.

[5]

LaTeX Warning: Reference `fig:kmers' on page 6 undefined on input line 201.

Package epstopdf Info: Source file: <./graphics/kmer_test.eps>
(epstopdf)                    date: 2020-08-09 20:12:16
(epstopdf)                    size: 31551 bytes
(epstopdf)             Output file: <./kmer_test-eps-converted-to.pdf>
(epstopdf)             Command: <epstopdf --outfile=./kmer_test-eps-converted-t
o.pdf ./graphics/kmer_test.eps>
(epstopdf)             \includegraphics on input line 206.
runsystem(epstopdf --outfile=./kmer_test-eps-converted-to.pdf ./graphics/kmer_t
est.eps)...executed (allowed).

Package epstopdf Info: Result file: <./kmer_test-eps-converted-to.pdf>
(epstopdf)                    date: 2020-08-10 17:58:42
(epstopdf)                    size: 14853 bytes.
<./kmer_test-eps-converted-to.pdf, id=92, 462.72874pt x 347.2975pt>
File: ./kmer_test-eps-converted-to.pdf Graphic file (type pdf)
<use ./kmer_test-eps-converted-to.pdf>
Package pdftex.def Info: ./kmer_test-eps-converted-to.pdf  used on input line 2
06.
(pdftex.def)             Requested size: 375.80542pt x 282.06194pt.

LaTeX Warning: Reference `fig:nmute' on page 6 undefined on input line 216.

[6pdfTeX warning (ext4): destination with the same identifier (name{figure.3}) 
has been already used, duplicate ignored

\AtBegShi@Output ...ipout \box \AtBeginShipoutBox 
                                                  \fi \fi 
l.219 \begin{minipage}{.5\linewidth}
                                     <./kmer_test-eps-converted-to.pdf>]
Package epstopdf Info: Source file: <./graphics/nmute_test.eps>
(epstopdf)                    date: 2020-08-10 17:58:35
(epstopdf)                    size: 29497 bytes
(epstopdf)             Output file: <./nmute_test-eps-converted-to.pdf>
(epstopdf)             Command: <epstopdf --outfile=./nmute_test-eps-converted-
to.pdf ./graphics/nmute_test.eps>
(epstopdf)             \includegraphics on input line 222.
runsystem(epstopdf --outfile=./nmute_test-eps-converted-to.pdf ./graphics/nmute
_test.eps)...executed (allowed).

Package epstopdf Info: Result file: <./nmute_test-eps-converted-to.pdf>
(epstopdf)                    date: 2020-08-10 17:58:43
(epstopdf)                    size: 1521 bytes.

!pdfTeX error: pdflatex (file ./nmute_test-eps-converted-to.pdf): xpdf: reading
 PDF image failed
 ==> Fatal error occurred, no output PDF file produced!
